27-May-2014 09:21:33
none
testContrast = [ 0.05         0.1         0.2 ]

curStair	trial	adjustValue(ContrastDecrement)	correct	altValue(PresentOrAbsent)	responseKey	fixationSide	testContrast	
27-May-2014 13:33:54
none
testContrast = [ 0.05         0.1         0.2 ]27-May-2014 13:35:03
none
testContrast = [ 0.05         0.1         0.2 ]

curStair	trial	adjustValue(ContrastDecrement)	correct	altValue(PresentOrAbsent)	responseKey	fixationSide	testContrast	
27-May-2014 13:35:41
none
testContrast = [ 0.05         0.1         0.2 ]

curStair	trial	adjustValue(ContrastDecrement)	correct	altValue(PresentOrAbsent)	responseKey	fixationSide	testContrast	
27-May-2014 13:36:57
none
testContrast = [ 0.05         0.1         0.2 ]

curStair	trial	adjustValue(ContrastDecrement)	correct	altValue(PresentOrAbsent)	responseKey	fixationSide	testContrast	
27-May-2014 13:39:24
none
testContrast = [ 0.05         0.1         0.2 ]

curStair	trial	adjustValue(ContrastDecrement)	correct	altValue(PresentOrAbsent)	responseKey	fixationSide	testContrast	
27-May-2014 13:41:19
none
testContrast = [ 0.05         0.1         0.2 ]

curStair	trial	adjustValue(ContrastDecrement)	correct	altValue(PresentOrAbsent)	responseKey	fixationSide	testContrast	
27-May-2014 13:41:56
none
testContrast = [ 0.05         0.1         0.2 ]

curStair	trial	adjustValue(ContrastDecrement)	correct	altValue(PresentOrAbsent)	responseKey	fixationSide	testContrast	
27-May-2014 13:56:43
none
testContrast = [ 0.05         0.1         0.2 ]

curStair	trial	adjustValue(ContrastDecrement)	correct	altValue(PresentOrAbsent)	responseKey	fixationSide	testContrast	
27-May-2014 13:57:48
none
testContrast = [ 0.05         0.1         0.2 ]

curStair	trial	adjustValue(ContrastDecrement)	correct	altValue(PresentOrAbsent)	responseKey	fixationSide	testContrast	
27-May-2014 13:58:42
none
testContrast = [ 0.05         0.1         0.2 ]

curStair	trial	adjustValue(ContrastDecrement)	correct	altValue(PresentOrAbsent)	responseKey	fixationSide	testContrast	
27-May-2014 14:03:36
none
testContrast = [ 0.05         0.1         0.2 ]

curStair	trial	adjustValue(ContrastDecrement)	correct	altValue(PresentOrAbsent)	responseKey	fixationSide	testContrast	
27-May-2014 14:05:33
none
testContrast = [ 0.05         0.1         0.2 ]

curStair	trial	adjustValue(ContrastDecrement)	correct	altValue(PresentOrAbsent)	responseKey	fixationSide	testContrast	
27-May-2014 14:09:32
none
testContrast = [ 0.05         0.1         0.2 ]

curStair	trial	adjustValue(ContrastDecrement)	correct	altValue(PresentOrAbsent)	responseKey	fixationSide	testContrast	
27-May-2014 14:13:04
none
testContrast = [ 0.05         0.1         0.2 ]

curStair	trial	adjustValue(ContrastDecrement)	correct	altValue(PresentOrAbsent)	responseKey	fixationSide	testContrast	
27-May-2014 14:21:32
none
testContrast = [ 0.05         0.1         0.2 ]

curStair	trial	adjustValue(ContrastDecrement)	correct	altValue(PresentOrAbsent)	responseKey	fixationSide	testContrast	
27-May-2014 14:22:38
none
testContrast = [ 0.05         0.1         0.2 ]

curStair	trial	adjustValue(ContrastDecrement)	correct	altValue(PresentOrAbsent)	responseKey	fixationSide	testContrast	
27-May-2014 14:24:59
none
testContrast = [ 0.05         0.1         0.2 ]

curStair	trial	adjustValue(ContrastDecrement)	correct	altValue(PresentOrAbsent)	responseKey	fixationSide	testContrast	
1	1	0.3100	0	1	s	-1.0000	0.0500	
2	1	0.3100	1	1	a	1.0000	0.1000	
1	2	0.3500	0	1	s	1.0000	0.0500	
1	3	0.3800	0	2	a	1.0000	0.0500	
3	1	0.3100	1	2	s	1.0000	0.2000	
1	4	0.4100	1	2	s	1.0000	0.0500	
28-May-2014 17:31:44
none
testContrast = [ 0.05         0.1         0.2 ]

curStair	trial	adjustValue(ContrastDecrement)	correct	altValue(PresentOrAbsent)	responseKey	fixationSide	testContrast	
28-May-2014 17:33:27
none
testContrast = [ 0.05         0.1         0.2 ]

curStair	trial	adjustValue(ContrastDecrement)	correct	altValue(PresentOrAbsent)	responseKey	fixationSide	testContrast	
2	1	0.3100	0	1	s	1.0000	0.1000	
28-May-2014 17:34:36
none
testContrast = [ 0.05         0.1         0.2 ]

curStair	trial	adjustValue(ContrastDecrement)	correct	altValue(PresentOrAbsent)	responseKey	fixationSide	testContrast	
3	1	0.3100	1	1	a	-1.0000	0.2000	
3	2	0.3000	0	1	s	1.0000	0.2000	
1	1	0.3100	1	1	a	1.0000	0.0500	
1	2	0.3000	1	1	a	-1.0000	0.0500	
28-May-2014 17:37:50
none
testContrast = [ 0.05         0.1         0.2 ]

curStair	trial	adjustValue(ContrastDecrement)	correct	altValue(PresentOrAbsent)	responseKey	fixationSide	testContrast	
2	1	0.3100	0	2	a	1.0000	0.1000	
3	1	0.3100	1	2	s	-1.0000	0.2000	
3	2	0.3000	1	2	s	-1.0000	0.2000	
1	1	0.3100	1	1	a	1.0000	0.0500	
3	3	0.3000	1	2	s	1.0000	0.2000	
1	2	0.3000	0	1	s	1.0000	0.0500	
1	3	0.3300	1	2	s	-1.0000	0.0500	
1	4	0.3000	1	1	a	-1.0000	0.0500	
2	2	0.3500	0	1	s	1.0000	0.1000	
1	5	0.3000	1	1	a	-1.0000	0.0500	
3	4	0.3000	0	1	s	-1.0000	0.2000	
29-May-2014 10:56:34
none
testContrast = [ 0.05         0.1         0.2 ]

curStair	trial	adjustValue(ContrastDecrement)	correct	altValue(PresentOrAbsent)	responseKey	testContrast	
1	1	0.3100	0	2	a	0.0500	
1	2	0.3500	0	2	a	0.0500	
1	3	0.3800	0	2	a	0.0500	
2	1	0.3100	0	2	a	0.1000	
3	1	0.3100	0	2	a	0.2000	
2	2	0.3500	0	1	s	0.1000	
29-May-2014 11:08:21
none
testContrast = [ 0.05         0.1         0.2 ]

curStair	trial	adjustValue(ContrastDecrement)	correct	altValue(PresentOrAbsent)	responseKey	testContrast	
29-May-2014 11:10:36
none
testContrast = [ 0.05         0.1         0.2 ]

curStair	trial	adjustValue(ContrastDecrement)	correct	altValue(PresentOrAbsent)	responseKey	testContrast	
29-May-2014 11:16:07
none
testContrast = [ 0.05         0.1         0.2 ]

curStair	trial	adjustValue(ContrastDecrement)	correct	altValue(PresentOrAbsent)	responseKey	testContrast	
29-May-2014 11:21:36
none
testContrast = [ 0.05         0.1         0.2 ]

curStair	trial	adjustValue(ContrastDecrement)	correct	altValue(PresentOrAbsent)	responseKey	testContrast	
29-May-2014 11:23:06
none
testContrast = [ 0.05         0.1         0.2 ]

curStair	trial	adjustValue(ContrastDecrement)	correct	altValue(PresentOrAbsent)	responseKey	testContrast	
2	1	0.3100	1	1	a	0.1000	
29-May-2014 11:31:47
none
testContrast = [ 0.05         0.1         0.2 ]

curStair	trial	adjustValue(ContrastDecrement)	correct	altValue(PresentOrAbsent)	responseKey	testContrast	
29-May-2014 11:34:31
none
testContrast = [ 0.05         0.1         0.2 ]

curStair	trial	adjustValue(ContrastDecrement)	correct	altValue(PresentOrAbsent)	responseKey	testContrast	
29-May-2014 11:40:01
none
testContrast = [ 0.05         0.1         0.2 ]

curStair	trial	adjustValue(ContrastDecrement)	correct	altValue(PresentOrAbsent)	responseKey	testContrast	
29-May-2014 11:42:53
none
testContrast = [ 0.05         0.1         0.2 ]

curStair	trial	adjustValue(ContrastDecrement)	correct	altValue(PresentOrAbsent)	responseKey	testContrast	
29-May-2014 11:57:36
none
testContrast = [ 0.05         0.1         0.2 ]

curStair	trial	adjustValue(ContrastDecrement)	correct	altValue(PresentOrAbsent)	responseKey	testContrast	
29-May-2014 12:13:01
none
testContrast = [ 0.05         0.1         0.2 ]

curStair	trial	adjustValue(ContrastDecrement)	correct	altValue(PresentOrAbsent)	responseKey	testContrast	
29-May-2014 12:53:01
none
testContrast = [ 0.05         0.1         0.2 ]

curStair	trial	adjustValue(ContrastDecrement)	correct	altValue(PresentOrAbsent)	responseKey	testContrast	
29-May-2014 12:53:43
none
testContrast = [ 0.05         0.1         0.2 ]

curStair	trial	adjustValue(ContrastDecrement)	correct	altValue(PresentOrAbsent)	responseKey	testContrast	
29-May-2014 12:55:46
none
testContrast = [ 0.05         0.1         0.2 ]

curStair	trial	adjustValue(ContrastDecrement)	correct	altValue(PresentOrAbsent)	responseKey	testContrast	
29-May-2014 12:57:50
none
testContrast = [ 0.05         0.1         0.2 ]

curStair	trial	adjustValue(ContrastDecrement)	correct	altValue(PresentOrAbsent)	responseKey	testContrast	
29-May-2014 13:01:31
none
testContrast = [ 0.05         0.1         0.2 ]

curStair	trial	adjustValue(ContrastDecrement)	correct	altValue(PresentOrAbsent)	responseKey	testContrast	
29-May-2014 13:06:18
none
testContrast = [ 0.05         0.1         0.2 ]

curStair	trial	adjustValue(ContrastDecrement)	correct	altValue(PresentOrAbsent)	responseKey	testContrast	
29-May-2014 13:12:35
none
testContrast = [ 0.05         0.1         0.2 ]

curStair	trial	adjustValue(ContrastDecrement)	correct	altValue(PresentOrAbsent)	responseKey	testContrast	
29-May-2014 13:15:47
none
testContrast = [ 0.05         0.1         0.2 ]

curStair	trial	adjustValue(ContrastDecrement)	correct	altValue(PresentOrAbsent)	responseKey	testContrast	
29-May-2014 13:17:29
none
testContrast = [ 0.05         0.1         0.2 ]

curStair	trial	adjustValue(ContrastDecrement)	correct	altValue(PresentOrAbsent)	responseKey	testContrast	
2	1	0.3100	1	1	a	0.1000	
2	2	0.3000	1	1	a	0.1000	
2	3	0.3000	0	1	s	0.1000	
3	1	0.3100	0	2	a	0.2000	
3	2	0.3500	1	1	a	0.2000	
3	3	0.3200	0	1	s	0.2000	
29-May-2014 13:22:53
none
testContrast = [ 0.05         0.1         0.2 ]
29-May-2014 13:23:56
none
testContrast = [ 0.05         0.1         0.2 ]
29-May-2014 13:24:39
none
testContrast = [ 0.05         0.1         0.2 ]
29-May-2014 13:25:14
none
testContrast = [ 0.05         0.1         0.2 ]

curStair	trial	adjustValue(ContrastDecrement)	correct	altValue(PresentOrAbsent)	responseKey	testContrast	
29-May-2014 13:26:32
none
testContrast = [ 0.05         0.1         0.2 ]

curStair	trial	adjustValue(ContrastDecrement)	correct	altValue(PresentOrAbsent)	responseKey	testContrast	
29-May-2014 13:29:43
none
testContrast = [ 0.05         0.1         0.2 ]

curStair	trial	adjustValue(ContrastDecrement)	correct	altValue(PresentOrAbsent)	responseKey	testContrast	
2	1	0.8100	1	1	a	0.1000	
2	2	0.8000	0	1	s	0.1000	
1	1	0.8100	0	2	a	0.0500	
2	3	0.8300	1	1	a	0.1000	
3	1	0.8100	0	2	a	0.2000	
1	2	0.8500	0	2	a	0.0500	
3	2	0.8500	1	1	a	0.2000	
29-May-2014 13:41:10
none
testContrast = [ 0.05         0.1         0.2 ]

curStair	trial	adjustValue(ContrastDecrement)	correct	altValue(PresentOrAbsent)	responseKey	testContrast	
29-May-2014 13:42:41
none
testContrast = [ 0.05         0.1         0.2 ]

curStair	trial	adjustValue(ContrastDecrement)	correct	altValue(PresentOrAbsent)	responseKey	testContrast	
1	1	0.0100	0	2	a	0.0500	
3	1	0.0100	0	2	a	0.2000	
3	2	0.0500	0	1	s	0.2000	
29-May-2014 13:49:22
none
testContrast = [ 0.05         0.1         0.2 ]

curStair	trial	adjustValue(ContrastDecrement)	correct	altValue(PresentOrAbsent)	responseKey	testContrast	
29-May-2014 13:59:20
none
testContrast = [ 0.05         0.1         0.2 ]

curStair	trial	adjustValue(ContrastDecrement)	correct	altValue(PresentOrAbsent)	responseKey	testContrast	
2	1	0.5000	0	2	a	0.1000	
1	1	0.5000	1	2	s	0.0500	
